<?xml version="1.0" encoding="UTF-8"?>
<!-- Generated by org.testng.reporters.JUnitReportReporter -->
<testsuite skipped="0" hostname="Princess-PC" name="com.ecom.qa.tests.LoginPageTest" tests="3" failures="0" timestamp="09 May 2019 21:56:52 GMT" time="81.513" errors="0">
  <testcase name="loginTest" time="13.226" classname="com.ecom.qa.tests.LoginPageTest"/>
  <testcase name="loginPageTitleTest" time="49.005" classname="com.ecom.qa.tests.LoginPageTest"/>
  <testcase name="logoLoginPageTest" time="19.282" classname="com.ecom.qa.tests.LoginPageTest"/>
</testsuite> <!-- com.ecom.qa.tests.LoginPageTest -->
